### GREEN 1: getVaultRoot env var precedence
bun test v1.4.0-canary.1 (184d0371a)

tests/schema.test.ts:
(pass) template schemas > loads every shipped template with declared field constraints [2.95ms]
(pass) template schemas > validates fully populated input and returns the normalized record [0.20ms]
(pass) template schemas > rejects input missing a required field with the field name [0.11ms]
(pass) template schemas > rejects a type mismatch with the field name and expected type [0.15ms]
(pass) template schemas > rejects enum values outside the allowed set with the allowed values [0.12ms]
(pass) template schemas > rejects a list below its minimum count with the field name and minimum [0.11ms]
(pass) template schemas > rejects a string below its minimum length with the field name and minimum [0.08ms]
(pass) template schemas > rejects pattern mismatches with the field name and pattern [0.10ms]

tests/config.test.ts:
(pass) vault config > getVaultRoot resolves the vault path from KNOWLEDGE_VAULT_ROOT first [0.43ms]

 9 pass
 0 fail
 16 expect() calls
Ran 9 tests across 2 files. [20.00ms]
### GREEN 2: getVaultRoot config fallback
bun test v1.4.0-canary.1 (184d0371a)

tests/schema.test.ts:
(pass) template schemas > loads every shipped template with declared field constraints [3.37ms]
(pass) template schemas > validates fully populated input and returns the normalized record [0.25ms]
(pass) template schemas > rejects input missing a required field with the field name [0.12ms]
(pass) template schemas > rejects a type mismatch with the field name and expected type [0.15ms]
(pass) template schemas > rejects enum values outside the allowed set with the allowed values [0.13ms]
(pass) template schemas > rejects a list below its minimum count with the field name and minimum [0.11ms]
(pass) template schemas > rejects a string below its minimum length with the field name and minimum [0.10ms]
(pass) template schemas > rejects pattern mismatches with the field name and pattern [0.11ms]

tests/config.test.ts:
(pass) vault config > getVaultRoot resolves the vault path from KNOWLEDGE_VAULT_ROOT first [0.37ms]
(pass) vault config > getVaultRoot falls back to config file vault.root when env var is unset [1.17ms]

 10 pass
 0 fail
 17 expect() calls
Ran 10 tests across 2 files. [26.00ms]
