bun test v1.4.0-canary.1 (184d0371a)

tests/schema.test.ts:
(pass) template schemas > loads every shipped template with declared field constraints [3.64ms]
(pass) template schemas > validates fully populated input and returns the normalized record [0.25ms]
(pass) template schemas > rejects input missing a required field with the field name [0.14ms]
(pass) template schemas > rejects a type mismatch with the field name and expected type [0.16ms]
(pass) template schemas > rejects enum values outside the allowed set with the allowed values [0.15ms]
(pass) template schemas > rejects a list below its minimum count with the field name and minimum [0.15ms]
(pass) template schemas > rejects a string below its minimum length with the field name and minimum [0.13ms]
(pass) template schemas > rejects pattern mismatches with the field name and pattern [0.12ms]

tests/artifacts.test.ts:
(pass) artifact store > creates DECISION-0001 in an empty decisions folder [2.92ms]
(pass) artifact store > creates the next unused decision id when files already exist [1.74ms]
(pass) artifact store > reads a decision artifact with frontmatter fields and rendered body [1.51ms]
(pass) artifact store > sets one frontmatter field and preserves the rendered body [2.11ms]
(pass) artifact store > appends to a list frontmatter field in order and preserves the body [1.74ms]
(pass) artifact store > rejects setting a field not declared by the template schema [1.27ms]

tests/cli-decision.test.ts:
(pass) decision CLI > decision create writes a new decision file and reports the id [33.18ms]
(pass) decision CLI > decision create exits 1 and names a missing required field [28.71ms]
(pass) decision CLI > decision create exits 1 and names a schema-invalid field [31.30ms]
(pass) decision CLI > decision show prints the rendered body [61.34ms]
(pass) decision CLI > decision show --field prints only that field [63.61ms]
(pass) decision CLI > decision show exits 1 and names a missing id [28.61ms]
(pass) decision CLI > decision set updates one field and preserves the body [66.03ms]
(pass) decision CLI > decision append adds a value to a list field [63.67ms]
(pass) decision CLI > decision append rejects non-list fields [61.85ms]
(pass) decision CLI > decision set reads a multiline value from stdin when value is dash [92.84ms]

tests/config.test.ts:
(pass) vault config > getVaultRoot resolves the vault path from KNOWLEDGE_VAULT_ROOT first [0.74ms]
(pass) vault config > getVaultRoot falls back to config file vault.root when env var is unset [1.30ms]
(pass) vault config > getVaultRoot fails clearly when no vault root is configured [0.67ms]
(pass) vault config > getVaultRoot expands tilde to the user's home directory [0.45ms]
(pass) vault config > getVaultRoot returns an absolute path and rejects nonexistent roots [0.46ms]
(pass) vault config > getConfig reads TOML and returns a typed WikiConfig object [0.68ms]
(pass) vault config > getConfig returns defaults when the config file does not exist [0.30ms]
(pass) vault config > detectHarness returns the harness named by explicit env vars [0.23ms]
(pass) vault config > detectHarness detects Pi from the fallback marker when explicit env vars are absent [0.26ms]
(pass) vault config > getConfig includes the harness detected at read time [0.15ms]
(pass) vault config > resolveCurrentProject returns the project name when cwd is inside a project folder [0.55ms]
(pass) vault config > resolveCurrentProject returns null outside a project folder [0.37ms]
(pass) vault config > assertProjectStructure verifies required project folders and _project.md [0.93ms]

 37 pass
 0 fail
 88 expect() calls
Ran 37 tests across 4 files. [578.00ms]
$ tsc --noEmit
