--- slice create success GREEN ---
bun test v1.4.0-canary.1 (184d0371a)

tests/cli-slice.test.ts:
(pass) slice CLI > slice create writes a new slice file with defaults and reports the id [63.80ms]

 1 pass
 0 fail
 12 expect() calls
Ran 1 test across 1 file. [71.00ms]
--- slice show body GREEN ---
bun test v1.4.0-canary.1 (184d0371a)

tests/cli-slice.test.ts:
(pass) slice CLI > slice show prints the rendered body [93.22ms]

 1 pass
 1 filtered out
 0 fail
 6 expect() calls
Ran 1 test across 1 file. [101.00ms]
--- slice show field GREEN ---
bun test v1.4.0-canary.1 (184d0371a)

tests/cli-slice.test.ts:
(pass) slice CLI > slice show --field prints only that field [92.48ms]

 1 pass
 2 filtered out
 0 fail
 4 expect() calls
Ran 1 test across 1 file. [100.00ms]
--- slice set field GREEN ---
bun test v1.4.0-canary.1 (184d0371a)

tests/cli-slice.test.ts:
(pass) slice CLI > slice set updates one field and preserves the body [93.12ms]

 1 pass
 3 filtered out
 0 fail
 5 expect() calls
Ran 1 test across 1 file. [100.00ms]
--- slice set status closed GREEN ---
bun test v1.4.0-canary.1 (184d0371a)

tests/cli-slice.test.ts:
(pass) slice CLI > slice set status accepts a valid closed value without state enforcement [95.13ms]

 1 pass
 4 filtered out
 0 fail
 4 expect() calls
Ran 1 test across 1 file. [103.00ms]
--- slice set stdin GREEN ---
bun test v1.4.0-canary.1 (184d0371a)

tests/cli-slice.test.ts:
(pass) slice CLI > slice set reads a multiline placeholder value from stdin when value is dash [120.86ms]

 1 pass
 5 filtered out
 0 fail
 3 expect() calls
Ran 1 test across 1 file. [128.00ms]
--- slice append acceptance GREEN ---
bun test v1.4.0-canary.1 (184d0371a)

tests/cli-slice.test.ts:
(pass) slice CLI > slice append adds a value to the acceptance list [95.31ms]

 1 pass
 6 filtered out
 0 fail
 4 expect() calls
Ran 1 test across 1 file. [103.00ms]
--- slice append todo GREEN ---
bun test v1.4.0-canary.1 (184d0371a)

tests/cli-slice.test.ts:
(pass) slice CLI > slice append adds a value to the todo list [92.79ms]

 1 pass
 7 filtered out
 0 fail
 4 expect() calls
Ran 1 test across 1 file. [100.00ms]
