--- slice create success RED ---
bun test v1.4.0-canary.1 (184d0371a)

tests/cli-slice.test.ts:
14 |     const vaultRoot = await createFixtureVault("wiki-v2");
15 |     await seedPrd(vaultRoot);
16 | 
17 |     const result = await runWiki(createArgs(), vaultRoot);
18 | 
19 |     expect(result.exitCode).toBe(0);
                                 ^
error: expect(received).toBe(expected)

Expected: 0
Received: 1

      at <anonymous> (/Users/tothemoon/Dev/code-forge/wiki/tests/cli-slice.test.ts:19:29)
(fail) slice CLI > slice create writes a new slice file with defaults and reports the id [61.84ms]

 0 pass
 1 fail
 2 expect() calls
Ran 1 test across 1 file. [74.00ms]
--- slice show body RED ---
bun test v1.4.0-canary.1 (184d0371a)

tests/cli-slice.test.ts:
36 |     await seedPrd(vaultRoot);
37 |     await runWiki(createArgs(), vaultRoot);
38 | 
39 |     const result = await runWiki(["slice", "show", "SLICE-0001", "--project", "wiki-v2"], vaultRoot);
40 | 
41 |     expect(result.exitCode).toBe(0);
                                 ^
error: expect(received).toBe(expected)

Expected: 0
Received: 1

      at <anonymous> (/Users/tothemoon/Dev/code-forge/wiki/tests/cli-slice.test.ts:41:29)
(fail) slice CLI > slice show prints the rendered body [92.27ms]

 0 pass
 1 filtered out
 1 fail
 2 expect() calls
Ran 1 test across 1 file. [100.00ms]
--- slice show field RED ---
No true red: field output was implemented with the show body behavior using the existing PRD/decision pattern.
bun test v1.4.0-canary.1 (184d0371a)

tests/cli-slice.test.ts:
(pass) slice CLI > slice show --field prints only that field [92.06ms]

 1 pass
 2 filtered out
 0 fail
 4 expect() calls
Ran 1 test across 1 file. [100.00ms]
--- slice set field RED ---
bun test v1.4.0-canary.1 (184d0371a)

tests/cli-slice.test.ts:
66 |     const result = await runWiki(
67 |       ["slice", "set", "SLICE-0001", "--project", "wiki-v2", "--field", "title", "Updated slice title"],
68 |       vaultRoot,
69 |     );
70 | 
71 |     expect(result.exitCode).toBe(0);
                                 ^
error: expect(received).toBe(expected)

Expected: 0
Received: 1

      at <anonymous> (/Users/tothemoon/Dev/code-forge/wiki/tests/cli-slice.test.ts:71:29)
(fail) slice CLI > slice set updates one field and preserves the body [90.77ms]

 0 pass
 3 filtered out
 1 fail
 2 expect() calls
Ran 1 test across 1 file. [100.00ms]
