bun test v1.4.0-canary.1 (184d0371a)

tests/schema.test.ts:
(pass) template schemas > loads every shipped template with declared field constraints [3.38ms]
(pass) template schemas > validates fully populated input and returns the normalized record [0.23ms]
(pass) template schemas > rejects input missing a required field with the field name [0.16ms]
(pass) template schemas > rejects a type mismatch with the field name and expected type [0.13ms]
(pass) template schemas > rejects enum values outside the allowed set with the allowed values [0.11ms]
(pass) template schemas > rejects a list below its minimum count with the field name and minimum [0.10ms]
(pass) template schemas > rejects a string below its minimum length with the field name and minimum [0.09ms]
(pass) template schemas > rejects pattern mismatches with the field name and pattern [0.10ms]

tests/cli-prd.test.ts:
(pass) prd CLI > prd create writes a new PRD file and reports the id [29.71ms]
(pass) prd CLI > prd create exits 1 and names a missing required field [24.75ms]
(pass) prd CLI > prd create exits 1 and names a schema-invalid field [28.96ms]
(pass) prd CLI > prd show prints the rendered body [55.50ms]
(pass) prd CLI > prd show --field prints only that field [54.59ms]
(pass) prd CLI > prd show exits 1 and names a missing id [24.90ms]
(pass) prd CLI > prd set updates one field and preserves the body [59.53ms]
(pass) prd CLI > prd set reads a multiline value from stdin when value is dash [82.39ms]
(pass) prd CLI > prd append adds a value to a list field [55.62ms]
(pass) prd CLI > prd append rejects non-list fields [53.72ms]
(pass) prd CLI > prd publish transitions draft to ready [54.89ms]
(pass) prd CLI > prd publish exits 2 when the PRD is already ready [83.18ms]
(pass) prd CLI > prd close transitions ready to closed [84.77ms]
(pass) prd CLI > prd close exits 2 when the PRD is draft [53.36ms]
(pass) prd CLI > prd close exits 2 when the PRD is already closed [79.55ms]

tests/artifacts.test.ts:
(pass) artifact store > creates DECISION-0001 in an empty decisions folder [2.51ms]
(pass) artifact store > creates the next unused decision id when files already exist [1.69ms]
(pass) artifact store > creates PRD-0001 in an empty prds folder [1.59ms]
(pass) artifact store > reads a decision artifact with frontmatter fields and rendered body [1.45ms]
(pass) artifact store > sets one frontmatter field and preserves the rendered body [1.83ms]
(pass) artifact store > appends to a list frontmatter field in order and preserves the body [1.66ms]
(pass) artifact store > rejects setting a field not declared by the template schema [1.38ms]

tests/cli-decision.test.ts:
(pass) decision CLI > decision create writes a new decision file and reports the id [34.36ms]
(pass) decision CLI > decision create exits 1 and names a missing required field [25.67ms]
(pass) decision CLI > decision create exits 1 and names a schema-invalid field [27.74ms]
(pass) decision CLI > decision show prints the rendered body [63.53ms]
(pass) decision CLI > decision show --field prints only that field [64.01ms]
(pass) decision CLI > decision show exits 1 and names a missing id [27.91ms]
(pass) decision CLI > decision set updates one field and preserves the body [62.55ms]
(pass) decision CLI > decision append adds a value to a list field [66.28ms]
(pass) decision CLI > decision append rejects non-list fields [60.81ms]
(pass) decision CLI > decision set reads a multiline value from stdin when value is dash [87.96ms]

tests/config.test.ts:
(pass) vault config > getVaultRoot resolves the vault path from KNOWLEDGE_VAULT_ROOT first [0.80ms]
(pass) vault config > getVaultRoot falls back to config file vault.root when env var is unset [1.39ms]
(pass) vault config > getVaultRoot fails clearly when no vault root is configured [0.64ms]
(pass) vault config > getVaultRoot expands tilde to the user's home directory [0.31ms]
(pass) vault config > getVaultRoot returns an absolute path and rejects nonexistent roots [0.44ms]
(pass) vault config > getConfig reads TOML and returns a typed WikiConfig object [0.59ms]
(pass) vault config > getConfig returns defaults when the config file does not exist [0.24ms]
(pass) vault config > detectHarness returns the harness named by explicit env vars [0.23ms]
(pass) vault config > detectHarness detects Pi from the fallback marker when explicit env vars are absent [0.28ms]
(pass) vault config > getConfig includes the harness detected at read time [0.17ms]
(pass) vault config > resolveCurrentProject returns the project name when cwd is inside a project folder [0.50ms]
(pass) vault config > resolveCurrentProject returns null outside a project folder [0.33ms]
(pass) vault config > assertProjectStructure verifies required project folders and _project.md [0.97ms]

 53 pass
 0 fail
 146 expect() calls
Ran 53 tests across 5 files. [1393.00ms]
$ tsc --noEmit
