bun test v1.4.0-canary.1 (184d0371a)

tests/cli-handover.test.ts:
(pass) handover CLI > handover create with required flags writes an open handover [49.23ms]
(pass) handover CLI > handover create missing --phase exits 1 [38.42ms]
(pass) handover CLI > handover create missing --project exits 1 [39.58ms]
(pass) handover CLI > handover create stores repeated active slices [44.17ms]
(pass) handover CLI > handover create reads produced prose from stdin [45.23ms]
(pass) handover CLI > handover show prints the rendered body [83.97ms]
(pass) handover CLI > handover show --field prints one field [84.47ms]
(pass) handover CLI > handover show missing id exits 1 [40.86ms]
(pass) handover CLI > handover set updates a field and preserves the body [87.83ms]
(pass) handover CLI > handover append adds to a list field [87.95ms]
(pass) handover CLI > handover append rejects non-list fields [85.44ms]
(pass) handover CLI > handover write aliases create [44.99ms]

tests/schema.test.ts:
(pass) template schemas > loads every shipped template with declared field constraints [6.18ms]
(pass) template schemas > validates fully populated input and returns the normalized record [0.32ms]
(pass) template schemas > rejects input missing a required field with the field name [0.15ms]
(pass) template schemas > rejects a type mismatch with the field name and expected type [0.15ms]
(pass) template schemas > rejects enum values outside the allowed set with the allowed values [0.12ms]
(pass) template schemas > rejects a list below its minimum count with the field name and minimum [0.03ms]
(pass) template schemas > rejects a string below its minimum length with the field name and minimum [0.11ms]
(pass) template schemas > rejects pattern mismatches with the field name and pattern [0.11ms]

tests/cli-prd.test.ts:
(pass) prd CLI > prd create writes a new PRD file and reports the id [44.32ms]
(pass) prd CLI > prd create exits 1 and names a missing required field [38.70ms]
(pass) prd CLI > prd create exits 1 and names a schema-invalid field [43.14ms]
(pass) prd CLI > prd show prints the rendered body [84.87ms]
(pass) prd CLI > prd show --field prints only that field [86.05ms]
(pass) prd CLI > prd show exits 1 and names a missing id [38.97ms]
(pass) prd CLI > prd set updates one field and preserves the body [87.63ms]
(pass) prd CLI > prd set reads a multiline value from stdin when value is dash [128.07ms]
(pass) prd CLI > prd append adds a value to a list field [86.97ms]
(pass) prd CLI > prd append rejects non-list fields [84.84ms]
(pass) prd CLI > prd publish transitions draft to ready [88.63ms]
(pass) prd CLI > prd publish exits 2 when the PRD is already ready [127.57ms]
(pass) prd CLI > prd close transitions ready to closed [128.69ms]
(pass) prd CLI > prd close exits 2 when the PRD is draft [82.86ms]
(pass) prd CLI > prd close exits 2 when the PRD is already closed [126.13ms]

tests/cli-slice.test.ts:
(pass) slice CLI > slice create writes a new slice file with defaults and reports the id [91.15ms]
(pass) slice CLI > slice create exits 1 and names a missing title [82.69ms]
(pass) slice CLI > slice create exits 1 and names a missing project [80.91ms]
(pass) slice CLI > slice create exits 1 and names a missing parent-prd [81.36ms]
(pass) slice CLI > slice create exits 1 and names a non-existent parent PRD [40.06ms]
(pass) slice CLI > slice create exits 1 and names a schema-invalid title [86.76ms]
(pass) slice CLI > slice show prints the rendered body [127.65ms]
(pass) slice CLI > slice show --field prints only that field [126.64ms]
(pass) slice CLI > slice show exits 1 and names a missing id [39.45ms]
(pass) slice CLI > slice set updates one field and preserves the body [129.04ms]
(pass) slice CLI > slice set status accepts a valid closed value without state enforcement [130.07ms]
(pass) slice CLI > slice set reads a multiline placeholder value from stdin when value is dash [170.10ms]
(pass) slice CLI > slice append adds a value to the acceptance list [130.34ms]
(pass) slice CLI > slice append adds a value to the todo list [134.09ms]
(pass) slice CLI > slice append rejects non-list fields [129.26ms]

tests/artifacts.test.ts:
(pass) artifact store > creates DECISION-0001 in an empty decisions folder [3.68ms]
(pass) artifact store > creates the next unused decision id when files already exist [2.48ms]
(pass) artifact store > creates PRD-0001 in an empty prds folder [1.90ms]
(pass) artifact store > creates SLICE-0001 in an empty slices folder [2.62ms]
(pass) artifact store > reads a decision artifact with frontmatter fields and rendered body [2.10ms]
(pass) artifact store > sets one frontmatter field and preserves the rendered body [2.91ms]
(pass) artifact store > appends to a list frontmatter field in order and preserves the body [2.39ms]
(pass) artifact store > rejects setting a field not declared by the template schema [2.44ms]

tests/cli-term.test.ts:
(pass) term CLI > term set creates architecture folder and domain-language.md [41.98ms]
(pass) term CLI > term set updates an existing section and preserves other terms [117.34ms]
(pass) term CLI > term set keeps sections in alphabetical order [79.76ms]
(pass) term CLI > term set reads a multiline body from stdin [40.65ms]
(pass) term CLI > term show prints a term body [78.63ms]
(pass) term CLI > term show unknown exits 1 [39.64ms]
(pass) term CLI > term list prints names alphabetically [117.88ms]
(pass) term CLI > term list on missing file exits 0 with empty stdout [38.92ms]
(pass) term CLI > term set leaves a fully valid file and no tmp residue after each write [78.42ms]

tests/cli-plan.test.ts:
(pass) plan CLI > plan create writes a CLI-state plan file and reports the id [44.32ms]
(pass) plan CLI > plan create exits 1 when title is missing [39.43ms]
(pass) plan CLI > plan create exits 1 when project is missing [39.30ms]
(pass) plan CLI > plan create exits 10 when repo cannot be resolved [40.39ms]
(pass) plan CLI > plan show prints pretty JSON [84.13ms]
(pass) plan CLI > plan show --field prints a field value [82.39ms]
(pass) plan CLI > plan show exits 1 for a missing id [42.55ms]
(pass) plan CLI > plan set updates one field and preserves other fields [84.71ms]
(pass) plan CLI > plan set reads stdin for string and list fields [123.40ms]
(pass) plan CLI > plan append adds to a list field [82.91ms]
(pass) plan CLI > plan append rejects non-list fields [82.06ms]
(pass) plan CLI > plan promote creates a PRD from drafts and deletes the plan [210.32ms]
(pass) plan CLI > plan promote exits 1 for a missing title and keeps the plan [122.51ms]
(pass) plan CLI > plan promote keeps the plan if PRD creation fails [83.59ms]

tests/cli-decision.test.ts:
(pass) decision CLI > decision create writes a new decision file and reports the id [45.51ms]
(pass) decision CLI > decision create exits 1 and names a missing required field [38.62ms]
(pass) decision CLI > decision create exits 1 and names a schema-invalid field [44.21ms]
(pass) decision CLI > decision show prints the rendered body [84.80ms]
(pass) decision CLI > decision show --field prints only that field [85.56ms]
(pass) decision CLI > decision show exits 1 and names a missing id [39.83ms]
(pass) decision CLI > decision set updates one field and preserves the body [86.56ms]
(pass) decision CLI > decision append adds a value to a list field [87.95ms]
(pass) decision CLI > decision append rejects non-list fields [85.14ms]
(pass) decision CLI > decision set reads a multiline value from stdin when value is dash [125.68ms]

tests/cli-search.test.ts:
(pass) search CLI > search exits 1 when the query is empty [40.18ms]
(pass) search CLI > search prints QMD results as tab-separated lines [221.75ms]
(pass) search CLI > search exits 0 with empty stdout when QMD returns no results [192.62ms]
(pass) search CLI > search registers the project collection only once across repeated calls [341.97ms]
(pass) search CLI > search include-research registers and queries both collections [217.28ms]
(pass) search CLI > search type filter keeps only matching artifact folders [286.20ms]
(pass) search CLI > search exits 10 and surfaces qmd stderr when qmd fails [195.66ms]

tests/config.test.ts:
(pass) vault config > getVaultRoot resolves the vault path from KNOWLEDGE_VAULT_ROOT first [0.74ms]
(pass) vault config > getVaultRoot falls back to config file vault.root when env var is unset [1.97ms]
(pass) vault config > getVaultRoot fails clearly when no vault root is configured [1.08ms]
(pass) vault config > getVaultRoot expands tilde to the user's home directory [0.53ms]
(pass) vault config > getVaultRoot returns an absolute path and rejects nonexistent roots [0.62ms]
(pass) vault config > getConfig reads TOML and returns a typed WikiConfig object [1.05ms]
(pass) vault config > getConfig returns defaults when the config file does not exist [0.47ms]
(pass) vault config > detectHarness returns the harness named by explicit env vars [0.44ms]
(pass) vault config > detectHarness detects Pi from the fallback marker when explicit env vars are absent [0.49ms]
(pass) vault config > getConfig includes the harness detected at read time [0.35ms]
(pass) vault config > resolveCurrentProject returns the project name when cwd is inside a project folder [0.72ms]
(pass) vault config > resolveCurrentProject returns null outside a project folder [0.78ms]
(pass) vault config > assertProjectStructure verifies required project folders and _project.md [1.26ms]

tests/cli-slice-state.test.ts:
(pass) slice TDD state machine CLI > red on non-planned exits 2 and leaves the slice unchanged [214.40ms]
(pass) slice TDD state machine CLI > red on planned with empty acceptance exits 1 [127.33ms]
(pass) slice TDD state machine CLI > red captures a failing run and atomically sets status plus red log [649.91ms]
(pass) slice TDD state machine CLI > red refuses a passing run and leaves the slice unchanged [354.47ms]
(pass) slice TDD state machine CLI > green on non-red exits 2 [171.15ms]
(pass) slice TDD state machine CLI > green captures a passing run and atomically sets status plus green log [425.59ms]
(pass) slice TDD state machine CLI > green refuses a failing run and leaves the slice unchanged [480.79ms]
(pass) slice TDD state machine CLI > close on non-green non-exempt exits 2 [172.26ms]
(pass) slice TDD state machine CLI > close with unfinished todo exits 1 and names the todo [491.11ms]
(pass) slice TDD state machine CLI > close success sets review verdict and closed status [496.12ms]
(pass) slice TDD state machine CLI > tdd_exempt planned slice closes directly when it has a valid reason [259.84ms]
(pass) slice TDD state machine CLI > tdd_exempt without a valid reason makes all state verbs exit 2 [291.98ms]
(pass) slice TDD state machine CLI > red exits 10 when project config is missing repo or test_command [170.80ms]
(pass) slice TDD state machine CLI > failed captured runs do not update slice fields [348.58ms]

 125 pass
 0 fail
 457 expect() calls
Ran 125 tests across 11 files. [12.34s]
$ tsc --noEmit
src/cli/parse.ts(26,5): error TS2322: Type '{ [x: string]: { type: string; multiple: boolean; } | { type: string; }; }' is not assignable to type 'ParseArgsOptionsConfig'.
  'string' index signatures are incompatible.
    Type '{ type: string; multiple: boolean; } | { type: string; }' is not assignable to type 'ParseArgsOptionDescriptor'.
      Type '{ type: string; multiple: boolean; }' is not assignable to type 'ParseArgsOptionDescriptor'.
        Types of property 'type' are incompatible.
          Type 'string' is not assignable to type 'ParseArgsOptionsType'.
src/cli/parse.ts(29,91): error TS2345: Argument of type 'Token[] | undefined' is not assignable to parameter of type 'Token[]'.
  Type 'undefined' is not assignable to type 'Token[]'.
src/cli/parse.ts(30,5): error TS2322: Type '{ [longOption: string]: string | boolean | (string | boolean)[] | undefined; }' is not assignable to type 'ParsedValues'.
  'string' index signatures are incompatible.
    Type 'string | boolean | (string | boolean)[] | undefined' is not assignable to type 'string | boolean | string[] | undefined'.
      Type '(string | boolean)[]' is not assignable to type 'string | boolean | string[] | undefined'.
        Type '(string | boolean)[]' is not assignable to type 'string[]'.
          Type 'string | boolean' is not assignable to type 'string'.
            Type 'boolean' is not assignable to type 'string'.
