bun test v1.4.0-canary.1 (184d0371a)

tests/cli-handover.test.ts:
(pass) handover CLI > handover create with required flags writes an open handover [38.85ms]
(pass) handover CLI > handover create missing --phase exits 1 [29.70ms]
(pass) handover CLI > handover create missing --project exits 1 [26.06ms]
(pass) handover CLI > handover create stores repeated active slices [30.20ms]
(pass) handover CLI > handover create reads produced prose from stdin [30.42ms]
(pass) handover CLI > handover show prints the rendered body [55.25ms]
(pass) handover CLI > handover show --field prints one field [57.70ms]
(pass) handover CLI > handover show missing id exits 1 [25.79ms]
(pass) handover CLI > handover set updates a field and preserves the body [59.28ms]
(pass) handover CLI > handover append adds to a list field [59.16ms]
(pass) handover CLI > handover append rejects non-list fields [56.91ms]
(pass) handover CLI > handover write aliases create [30.02ms]

tests/schema.test.ts:
(pass) template schemas > loads every shipped template with declared field constraints [2.85ms]
(pass) template schemas > validates fully populated input and returns the normalized record [0.23ms]
(pass) template schemas > rejects input missing a required field with the field name [0.14ms]
(pass) template schemas > rejects a type mismatch with the field name and expected type [0.14ms]
(pass) template schemas > rejects enum values outside the allowed set with the allowed values [0.12ms]
(pass) template schemas > rejects a list below its minimum count with the field name and minimum [0.02ms]
(pass) template schemas > rejects a string below its minimum length with the field name and minimum [0.09ms]
(pass) template schemas > rejects pattern mismatches with the field name and pattern [0.11ms]

tests/cli-prd.test.ts:
(pass) prd CLI > prd create writes a new PRD file and reports the id [29.49ms]
(pass) prd CLI > prd create exits 1 and names a missing required field [27.23ms]
(pass) prd CLI > prd create exits 1 and names a schema-invalid field [29.03ms]
(pass) prd CLI > prd show prints the rendered body [58.50ms]
(pass) prd CLI > prd show --field prints only that field [55.89ms]
(pass) prd CLI > prd show exits 1 and names a missing id [27.74ms]
(pass) prd CLI > prd set updates one field and preserves the body [57.91ms]
(pass) prd CLI > prd set reads a multiline value from stdin when value is dash [86.68ms]
(pass) prd CLI > prd append adds a value to a list field [59.45ms]
(pass) prd CLI > prd append rejects non-list fields [57.72ms]
(pass) prd CLI > prd publish transitions draft to ready [59.00ms]
(pass) prd CLI > prd publish exits 2 when the PRD is already ready [88.86ms]
(pass) prd CLI > prd close transitions ready to closed [88.88ms]
(pass) prd CLI > prd close exits 2 when the PRD is draft [55.98ms]
(pass) prd CLI > prd close exits 2 when the PRD is already closed [86.99ms]

tests/cli-slice.test.ts:
(pass) slice CLI > slice create writes a new slice file with defaults and reports the id [60.34ms]
(pass) slice CLI > slice create exits 1 and names a missing title [54.57ms]
(pass) slice CLI > slice create exits 1 and names a missing project [56.77ms]
(pass) slice CLI > slice create exits 1 and names a missing parent-prd [54.26ms]
(pass) slice CLI > slice create exits 1 and names a non-existent parent PRD [27.45ms]
(pass) slice CLI > slice create exits 1 and names a schema-invalid title [58.17ms]
(pass) slice CLI > slice show prints the rendered body [91.18ms]
(pass) slice CLI > slice show --field prints only that field [86.41ms]
(pass) slice CLI > slice show exits 1 and names a missing id [28.15ms]
(pass) slice CLI > slice set updates one field and preserves the body [88.55ms]
(pass) slice CLI > slice set status accepts a valid closed value without state enforcement [90.04ms]
(pass) slice CLI > slice set reads a multiline placeholder value from stdin when value is dash [115.50ms]
(pass) slice CLI > slice append adds a value to the acceptance list [89.48ms]
(pass) slice CLI > slice append adds a value to the todo list [87.32ms]
(pass) slice CLI > slice append rejects non-list fields [87.14ms]

tests/artifacts.test.ts:
(pass) artifact store > creates DECISION-0001 in an empty decisions folder [2.36ms]
(pass) artifact store > creates the next unused decision id when files already exist [1.74ms]
(pass) artifact store > creates PRD-0001 in an empty prds folder [1.37ms]
(pass) artifact store > creates SLICE-0001 in an empty slices folder [1.38ms]
(pass) artifact store > reads a decision artifact with frontmatter fields and rendered body [1.76ms]
(pass) artifact store > sets one frontmatter field and preserves the rendered body [1.88ms]
(pass) artifact store > appends to a list frontmatter field in order and preserves the body [1.56ms]
(pass) artifact store > rejects setting a field not declared by the template schema [1.42ms]

tests/cli-term.test.ts:
(pass) term CLI > term set creates architecture folder and domain-language.md [27.30ms]
(pass) term CLI > term set updates an existing section and preserves other terms [80.02ms]
(pass) term CLI > term set keeps sections in alphabetical order [54.53ms]
(pass) term CLI > term set reads a multiline body from stdin [27.13ms]
(pass) term CLI > term show prints a term body [53.72ms]
(pass) term CLI > term show unknown exits 1 [26.51ms]
(pass) term CLI > term list prints names alphabetically [78.75ms]
(pass) term CLI > term list on missing file exits 0 with empty stdout [27.10ms]
(pass) term CLI > term set leaves a fully valid file and no tmp residue after each write [54.34ms]

tests/cli-plan.test.ts:
(pass) plan CLI > plan create writes a CLI-state plan file and reports the id [29.34ms]
(pass) plan CLI > plan create exits 1 when title is missing [26.15ms]
(pass) plan CLI > plan create exits 1 when project is missing [26.38ms]
(pass) plan CLI > plan create exits 10 when repo cannot be resolved [26.88ms]
(pass) plan CLI > plan show prints pretty JSON [55.96ms]
(pass) plan CLI > plan show --field prints a field value [55.83ms]
(pass) plan CLI > plan show exits 1 for a missing id [27.85ms]
(pass) plan CLI > plan set updates one field and preserves other fields [62.20ms]
(pass) plan CLI > plan set reads stdin for string and list fields [84.29ms]
(pass) plan CLI > plan append adds to a list field [56.59ms]
(pass) plan CLI > plan append rejects non-list fields [53.64ms]
(pass) plan CLI > plan promote creates a PRD from drafts and deletes the plan [142.50ms]
(pass) plan CLI > plan promote exits 1 for a missing title and keeps the plan [81.83ms]
(pass) plan CLI > plan promote keeps the plan if PRD creation fails [55.77ms]

tests/cli-decision.test.ts:
(pass) decision CLI > decision create writes a new decision file and reports the id [30.64ms]
(pass) decision CLI > decision create exits 1 and names a missing required field [26.73ms]
(pass) decision CLI > decision create exits 1 and names a schema-invalid field [28.86ms]
(pass) decision CLI > decision show prints the rendered body [57.37ms]
(pass) decision CLI > decision show --field prints only that field [57.12ms]
(pass) decision CLI > decision show exits 1 and names a missing id [27.20ms]
(pass) decision CLI > decision set updates one field and preserves the body [58.30ms]
(pass) decision CLI > decision append adds a value to a list field [59.88ms]
(pass) decision CLI > decision append rejects non-list fields [57.80ms]
(pass) decision CLI > decision set reads a multiline value from stdin when value is dash [86.75ms]

tests/config.test.ts:
(pass) vault config > getVaultRoot resolves the vault path from KNOWLEDGE_VAULT_ROOT first [0.42ms]
(pass) vault config > getVaultRoot falls back to config file vault.root when env var is unset [1.19ms]
(pass) vault config > getVaultRoot fails clearly when no vault root is configured [0.66ms]
(pass) vault config > getVaultRoot expands tilde to the user's home directory [0.36ms]
(pass) vault config > getVaultRoot returns an absolute path and rejects nonexistent roots [0.42ms]
(pass) vault config > getConfig reads TOML and returns a typed WikiConfig object [0.56ms]
(pass) vault config > getConfig returns defaults when the config file does not exist [0.24ms]
(pass) vault config > detectHarness returns the harness named by explicit env vars [0.21ms]
(pass) vault config > detectHarness detects Pi from the fallback marker when explicit env vars are absent [0.25ms]
(pass) vault config > getConfig includes the harness detected at read time [0.16ms]
(pass) vault config > resolveCurrentProject returns the project name when cwd is inside a project folder [0.48ms]
(pass) vault config > resolveCurrentProject returns null outside a project folder [0.35ms]
(pass) vault config > assertProjectStructure verifies required project folders and _project.md [0.91ms]

tests/cli-slice-state.test.ts:
(pass) slice TDD state machine CLI > red on non-planned exits 2 and leaves the slice unchanged [147.03ms]
(pass) slice TDD state machine CLI > red on planned with empty acceptance exits 1 [86.88ms]
(pass) slice TDD state machine CLI > red captures a failing run and atomically sets status plus red log [336.19ms]
(pass) slice TDD state machine CLI > red refuses a passing run and leaves the slice unchanged [253.94ms]
(pass) slice TDD state machine CLI > green on non-red exits 2 [123.42ms]
(pass) slice TDD state machine CLI > green captures a passing run and atomically sets status plus green log [309.57ms]
(pass) slice TDD state machine CLI > green refuses a failing run and leaves the slice unchanged [315.60ms]
(pass) slice TDD state machine CLI > close on non-green non-exempt exits 2 [118.42ms]
(pass) slice TDD state machine CLI > close with unfinished todo exits 1 and names the todo [422.68ms]
(pass) slice TDD state machine CLI > close success sets review verdict and closed status [379.07ms]
(pass) slice TDD state machine CLI > tdd_exempt planned slice closes directly when it has a valid reason [175.85ms]
(pass) slice TDD state machine CLI > tdd_exempt without a valid reason makes all state verbs exit 2 [200.56ms]
(pass) slice TDD state machine CLI > red exits 10 when project config is missing repo or test_command [114.72ms]
(pass) slice TDD state machine CLI > failed captured runs do not update slice fields [267.68ms]

 118 pass
 0 fail
 437 expect() calls
Ran 118 tests across 10 files. [7.45s]
