bun test v1.4.0-canary.1 (184d0371a)

tests/cli-handover.test.ts:
(pass) handover CLI > handover create with required flags writes an open handover [49.35ms]
(pass) handover CLI > handover create missing --phase exits 1 [40.23ms]
(pass) handover CLI > handover create missing --project exits 1 [39.07ms]
(pass) handover CLI > handover create stores repeated active slices [45.51ms]
(pass) handover CLI > handover create reads produced prose from stdin [45.67ms]
(pass) handover CLI > handover show prints the rendered body [86.59ms]
(pass) handover CLI > handover show --field prints one field [92.52ms]
(pass) handover CLI > handover show missing id exits 1 [41.08ms]
(pass) handover CLI > handover set updates a field and preserves the body [88.67ms]
(pass) handover CLI > handover append adds to a list field [88.94ms]
(pass) handover CLI > handover append rejects non-list fields [92.59ms]
(pass) handover CLI > handover write aliases create [50.40ms]

tests/schema.test.ts:
(pass) template schemas > loads every shipped template with declared field constraints [5.59ms]
(pass) template schemas > validates fully populated input and returns the normalized record [0.33ms]
(pass) template schemas > rejects input missing a required field with the field name [0.22ms]
(pass) template schemas > rejects a type mismatch with the field name and expected type [0.24ms]
(pass) template schemas > rejects enum values outside the allowed set with the allowed values [0.19ms]
(pass) template schemas > rejects a list below its minimum count with the field name and minimum [0.03ms]
(pass) template schemas > rejects a string below its minimum length with the field name and minimum [0.14ms]
(pass) template schemas > rejects pattern mismatches with the field name and pattern [0.18ms]

tests/cli-prd.test.ts:
(pass) prd CLI > prd create writes a new PRD file and reports the id [261.09ms]
(pass) prd CLI > prd create exits 1 and names a missing required field [39.56ms]
(pass) prd CLI > prd create exits 1 and names a schema-invalid field [228.59ms]
(pass) prd CLI > prd show prints the rendered body [284.32ms]
(pass) prd CLI > prd show --field prints only that field [246.77ms]
(pass) prd CLI > prd show exits 1 and names a missing id [40.42ms]
(pass) prd CLI > prd set updates one field and preserves the body [266.70ms]
(pass) prd CLI > prd set reads a multiline value from stdin when value is dash [312.00ms]
(pass) prd CLI > prd append adds a value to a list field [268.80ms]
(pass) prd CLI > prd append rejects non-list fields [260.29ms]
(pass) prd CLI > prd publish transitions draft to ready [251.49ms]
(pass) prd CLI > prd publish exits 2 when the PRD is already ready [302.86ms]
(pass) prd CLI > prd close transitions ready to closed [316.63ms]
(pass) prd CLI > prd close exits 2 when the PRD is draft [348.81ms]
(pass) prd CLI > prd close exits 2 when the PRD is already closed [283.34ms]

tests/cli-slice.test.ts:
(pass) slice CLI > slice create writes a new slice file with defaults and reports the id [262.42ms]
(pass) slice CLI > slice create exits 1 and names a missing title [241.16ms]
(pass) slice CLI > slice create exits 1 and names a missing project [242.61ms]
(pass) slice CLI > slice create exits 1 and names a missing parent-prd [237.88ms]
(pass) slice CLI > slice create exits 1 and names a non-existent parent PRD [40.89ms]
(pass) slice CLI > slice create exits 1 and names a schema-invalid title [300.83ms]
(pass) slice CLI > slice show prints the rendered body [326.06ms]
(pass) slice CLI > slice show --field prints only that field [334.32ms]
(pass) slice CLI > slice show exits 1 and names a missing id [39.37ms]
(pass) slice CLI > slice set updates one field and preserves the body [393.44ms]
(pass) slice CLI > slice set status accepts a valid closed value without state enforcement [341.37ms]
(pass) slice CLI > slice set reads a multiline placeholder value from stdin when value is dash [385.18ms]
(pass) slice CLI > slice append adds a value to the acceptance list [350.82ms]
(pass) slice CLI > slice append adds a value to the todo list [338.67ms]
(pass) slice CLI > slice append rejects non-list fields [340.28ms]

tests/artifacts.test.ts:
(pass) artifact store > creates DECISION-0001 in an empty decisions folder [3.85ms]
(pass) artifact store > creates the next unused decision id when files already exist [2.35ms]
(pass) artifact store > creates PRD-0001 in an empty prds folder [2.00ms]
(pass) artifact store > creates SLICE-0001 in an empty slices folder [2.42ms]
(pass) artifact store > reads a decision artifact with frontmatter fields and rendered body [2.20ms]
(pass) artifact store > sets one frontmatter field and preserves the rendered body [2.64ms]
(pass) artifact store > appends to a list frontmatter field in order and preserves the body [2.39ms]
(pass) artifact store > rejects setting a field not declared by the template schema [2.10ms]

tests/cli-term.test.ts:
(pass) term CLI > term set creates architecture folder and domain-language.md [41.45ms]
(pass) term CLI > term set updates an existing section and preserves other terms [115.29ms]
(pass) term CLI > term set keeps sections in alphabetical order [79.30ms]
(pass) term CLI > term set reads a multiline body from stdin [40.25ms]
(pass) term CLI > term show prints a term body [79.50ms]
(pass) term CLI > term show unknown exits 1 [39.42ms]
(pass) term CLI > term list prints names alphabetically [119.56ms]
(pass) term CLI > term list on missing file exits 0 with empty stdout [39.00ms]
(pass) term CLI > term set leaves a fully valid file and no tmp residue after each write [79.23ms]

tests/cli-plan.test.ts:
(pass) plan CLI > plan create writes a CLI-state plan file and reports the id [42.18ms]
(pass) plan CLI > plan create exits 1 when title is missing [39.65ms]
(pass) plan CLI > plan create exits 1 when project is missing [41.04ms]
(pass) plan CLI > plan create exits 10 when repo cannot be resolved [41.86ms]
(pass) plan CLI > plan show prints pretty JSON [83.20ms]
(pass) plan CLI > plan show --field prints a field value [84.98ms]
(pass) plan CLI > plan show exits 1 for a missing id [41.45ms]
(pass) plan CLI > plan set updates one field and preserves other fields [87.16ms]
(pass) plan CLI > plan set reads stdin for string and list fields [126.68ms]
(pass) plan CLI > plan append adds to a list field [85.51ms]
(pass) plan CLI > plan append rejects non-list fields [85.24ms]
(pass) plan CLI > plan promote creates a PRD from drafts and deletes the plan [209.49ms]
(pass) plan CLI > plan promote exits 1 for a missing title and keeps the plan [127.67ms]
(pass) plan CLI > plan promote keeps the plan if PRD creation fails [84.17ms]

tests/cli-decision.test.ts:
(pass) decision CLI > decision create writes a new decision file and reports the id [221.20ms]
(pass) decision CLI > decision create exits 1 and names a missing required field [40.77ms]
(pass) decision CLI > decision create exits 1 and names a schema-invalid field [201.24ms]
(pass) decision CLI > decision show prints the rendered body [247.00ms]
(pass) decision CLI > decision show --field prints only that field [333.87ms]
(pass) decision CLI > decision show exits 1 and names a missing id [40.68ms]
(pass) decision CLI > decision set updates one field and preserves the body [257.88ms]
(pass) decision CLI > decision append adds a value to a list field [243.12ms]
(pass) decision CLI > decision append rejects non-list fields [244.25ms]
(pass) decision CLI > decision set reads a multiline value from stdin when value is dash [291.73ms]

tests/cli-search.test.ts:
(pass) search CLI > search exits 1 when the query is empty [40.07ms]
(pass) search CLI > search prints QMD results as tab-separated lines [223.30ms]
(pass) search CLI > search exits 0 with empty stdout when QMD returns no results [195.48ms]
(pass) search CLI > search registers the project collection only once across repeated calls [250.83ms]
(pass) search CLI > search include-research registers and queries both collections [294.64ms]
(pass) search CLI > search type filter keeps only matching artifact folders [222.79ms]
(pass) search CLI > search exits 10 and surfaces qmd stderr when qmd fails [309.36ms]

tests/config.test.ts:
(pass) vault config > getVaultRoot resolves the vault path from KNOWLEDGE_VAULT_ROOT first [0.54ms]
(pass) vault config > getVaultRoot falls back to config file vault.root when env var is unset [1.71ms]
(pass) vault config > getVaultRoot fails clearly when no vault root is configured [0.89ms]
(pass) vault config > getVaultRoot expands tilde to the user's home directory [0.43ms]
(pass) vault config > getVaultRoot returns an absolute path and rejects nonexistent roots [0.56ms]
(pass) vault config > getConfig reads TOML and returns a typed WikiConfig object [0.76ms]
(pass) vault config > getConfig returns defaults when the config file does not exist [0.29ms]
(pass) vault config > detectHarness returns the harness named by explicit env vars [0.24ms]
(pass) vault config > detectHarness detects Pi from the fallback marker when explicit env vars are absent [0.34ms]
(pass) vault config > getConfig includes the harness detected at read time [0.21ms]
(pass) vault config > resolveCurrentProject returns the project name when cwd is inside a project folder [0.72ms]
(pass) vault config > resolveCurrentProject returns null outside a project folder [0.56ms]
(pass) vault config > assertProjectStructure verifies required project folders and _project.md [1.17ms]

tests/cli-dedup.test.ts:
(pass) pre-write dedup gate > decision create proceeds when QMD returns no high-score match [214.81ms]
(pass) pre-write dedup gate > prd create blocks on a match at the weak threshold and writes nothing [283.60ms]
(pass) pre-write dedup gate > slice create honors a custom weak threshold [277.03ms]
(pass) pre-write dedup gate > force-new bypasses the gate and records the reason [46.75ms]
(pass) pre-write dedup gate > short force-new reason exits 1 and writes nothing [42.40ms]
(pass) pre-write dedup gate > related-to bypasses the gate and records the link [51.96ms]
(pass) pre-write dedup gate > supersedes bypasses the gate and updates the old same-type artifact [97.52ms]
(pass) pre-write dedup gate > handover create and plan create do not call QMD [84.40ms]

tests/cli-slice-state.test.ts:
(pass) slice TDD state machine CLI > red on non-planned exits 2 and leaves the slice unchanged [450.08ms]
(pass) slice TDD state machine CLI > red on planned with empty acceptance exits 1 [344.02ms]
(pass) slice TDD state machine CLI > red captures a failing run and atomically sets status plus red log [686.67ms]
(pass) slice TDD state machine CLI > red refuses a passing run and leaves the slice unchanged [567.90ms]
(pass) slice TDD state machine CLI > green on non-red exits 2 [363.37ms]
(pass) slice TDD state machine CLI > green captures a passing run and atomically sets status plus green log [698.01ms]
(pass) slice TDD state machine CLI > green refuses a failing run and leaves the slice unchanged [615.40ms]
(pass) slice TDD state machine CLI > close on non-green non-exempt exits 2 [362.41ms]
(pass) slice TDD state machine CLI > close with unfinished todo exits 1 and names the todo [716.52ms]
(pass) slice TDD state machine CLI > close success sets review verdict and closed status [811.30ms]
(pass) slice TDD state machine CLI > tdd_exempt planned slice closes directly when it has a valid reason [495.00ms]
(pass) slice TDD state machine CLI > tdd_exempt without a valid reason makes all state verbs exit 2 [521.12ms]
(pass) slice TDD state machine CLI > red exits 10 when project config is missing repo or test_command [382.27ms]
(pass) slice TDD state machine CLI > failed captured runs do not update slice fields [566.29ms]

 133 pass
 0 fail
 483 expect() calls
Ran 133 tests across 12 files. [22.88s]
$ tsc --noEmit
